
CommandNotFoundError: Your shell has not been properly configured to use 'conda activate'.
To initialize your shell, run

    $ conda init <SHELL_NAME>

Currently supported shells are:
  - bash
  - fish
  - tcsh
  - xonsh
  - zsh
  - powershell

See 'conda init --help' for more information and options.

IMPORTANT: You may need to close and restart your shell after running 'conda init'.


🚀 PO processing: Starting preproc_PO.py completed at Thu May  1 01:27:41 PDT 2025
✅ PO processing: preproc_PO.py completed at Thu May  1 03:46:57 PDT 2025
🚀 PO cascading: Starting eventCascades_PO.py  at Thu May  1 03:46:57 PDT 2025

CommandNotFoundError: Your shell has not been properly configured to use 'conda activate'.
To initialize your shell, run

    $ conda init <SHELL_NAME>

Currently supported shells are:
  - bash
  - fish
  - tcsh
  - xonsh
  - zsh
  - powershell

See 'conda init --help' for more information and options.

IMPORTANT: You may need to close and restart your shell after running 'conda init'.


🚀 PO cascading: Starting batch_extract_with_summary.py  at Thu May  1 11:01:55 PDT 2025
✅ PO cascading: python batch_extract_with_summary.py  completed at Thu May  1 11:01:57 PDT 2025
