
CommandNotFoundError: Your shell has not been properly configured to use 'conda activate'.
To initialize your shell, run

    $ conda init <SHELL_NAME>

Currently supported shells are:
  - bash
  - fish
  - tcsh
  - xonsh
  - zsh
  - powershell

See 'conda init --help' for more information and options.

IMPORTANT: You may need to close and restart your shell after running 'conda init'.


🚀 AN processing: Starting python preproc_AN.py  at Thu May 22 21:15:19 PDT 2025
✅ AN processing: python preproc_AN.py  completed at Thu May 22 21:15:19 PDT 2025

CommandNotFoundError: Your shell has not been properly configured to use 'conda activate'.
To initialize your shell, run

    $ conda init <SHELL_NAME>

Currently supported shells are:
  - bash
  - fish
  - tcsh
  - xonsh
  - zsh
  - powershell

See 'conda init --help' for more information and options.

IMPORTANT: You may need to close and restart your shell after running 'conda init'.


🚀 AN processing: Starting python preproc_AN.py  at Thu May 22 21:15:49 PDT 2025

CommandNotFoundError: Your shell has not been properly configured to use 'conda activate'.
To initialize your shell, run

    $ conda init <SHELL_NAME>

Currently supported shells are:
  - bash
  - fish
  - tcsh
  - xonsh
  - zsh
  - powershell

See 'conda init --help' for more information and options.

IMPORTANT: You may need to close and restart your shell after running 'conda init'.


🚀 AN processing: Starting python preproc_AN.py  at Thu May 22 21:16:56 PDT 2025
✅ AN processing: python preproc_AN.py  completed at Thu May 22 21:33:40 PDT 2025

CommandNotFoundError: Your shell has not been properly configured to use 'conda activate'.
To initialize your shell, run

    $ conda init <SHELL_NAME>

Currently supported shells are:
  - bash
  - fish
  - tcsh
  - xonsh
  - zsh
  - powershell

See 'conda init --help' for more information and options.

IMPORTANT: You may need to close and restart your shell after running 'conda init'.


🚀 AN processing: Starting python preproc_AN.py  at Fri May 23 03:35:47 PDT 2025
✅ AN processing: python preproc_AN.py  completed at Fri May 23 03:51:37 PDT 2025

CommandNotFoundError: Your shell has not been properly configured to use 'conda activate'.
To initialize your shell, run

    $ conda init <SHELL_NAME>

Currently supported shells are:
  - bash
  - fish
  - tcsh
  - xonsh
  - zsh
  - powershell

See 'conda init --help' for more information and options.

IMPORTANT: You may need to close and restart your shell after running 'conda init'.


🚀 AN processing: Starting python preproc_AN.py  at Sat May 24 01:35:17 PDT 2025
✅ AN processing: python preproc_AN.py  completed at Sat May 24 02:02:05 PDT 2025

CommandNotFoundError: Your shell has not been properly configured to use 'conda activate'.
To initialize your shell, run

    $ conda init <SHELL_NAME>

Currently supported shells are:
  - bash
  - fish
  - tcsh
  - xonsh
  - zsh
  - powershell

See 'conda init --help' for more information and options.

IMPORTANT: You may need to close and restart your shell after running 'conda init'.


🦑🦑🦑🦑🦑🦑🦑🦑🦑🦑🦑🦑🦑🦑🦑🦑🦑🦑🦑🦑🦑🦑🦑🦑

🚀 AN processing: Starting python preproc_AN.py  at Tue May 27 00:03:21 PDT 2025
✅ AN processing: python preproc_AN.py  completed at Tue May 27 00:19:35 PDT 2025


🪼🪼🪼🪼🪼🪼🪼🪼🪼🪼🪼🪼🪼🪼🪼🪼🪼🪼🪼🪼🪼🪼🪼🪼

🚀 PO processing: Starting preproc_PO.py completed at Tue May 27 00:19:35 PDT 2025
✅ PO processing: preproc_PO.py completed at Tue May 27 00:19:35 PDT 2025


🦑🦑🦑🦑🦑🦑🦑🦑🦑🦑🦑🦑🦑🦑🦑🦑🦑🦑🦑🦑🦑🦑🦑🦑

🚀 AN processing: Starting python peventCascadeBuilder_AN_patched.py  at Tue May 27 00:19:35 PDT 2025
✅ AN processing: python eventCascadeBuilder_AN_patched.py  completed at Tue May 27 00:19:36 PDT 2025

CommandNotFoundError: Your shell has not been properly configured to use 'conda activate'.
To initialize your shell, run

    $ conda init <SHELL_NAME>

Currently supported shells are:
  - bash
  - fish
  - tcsh
  - xonsh
  - zsh
  - powershell

See 'conda init --help' for more information and options.

IMPORTANT: You may need to close and restart your shell after running 'conda init'.




🪼🪼🪼🪼🪼🪼🪼🪼🪼🪼🪼🪼🪼🪼🪼🪼🪼🪼🪼🪼🪼🪼🪼🪼

🚀 PO processing: Starting preproc_PO.py completed at Tue May 27 01:28:49 PDT 2025

CommandNotFoundError: Your shell has not been properly configured to use 'conda activate'.
To initialize your shell, run

    $ conda init <SHELL_NAME>

Currently supported shells are:
  - bash
  - fish
  - tcsh
  - xonsh
  - zsh
  - powershell

See 'conda init --help' for more information and options.

IMPORTANT: You may need to close and restart your shell after running 'conda init'.




🪼🪼🪼🪼🪼🪼🪼🪼🪼🪼🪼🪼🪼🪼🪼🪼🪼🪼🪼🪼🪼🪼🪼🪼

🚀 PO processing: Starting preproc_PO.py completed at Tue May 27 01:29:47 PDT 2025
✅ PO processing: preproc_PO.py completed at Tue May 27 01:42:52 PDT 2025


🦑🦑🦑🦑🦑🦑🦑🦑🦑🦑🦑🦑🦑🦑🦑🦑🦑🦑🦑🦑🦑🦑🦑🦑

🚀 AN processing: Starting python peventCascadeBuilder_AN_patched.py  at Tue May 27 01:42:52 PDT 2025
✅ AN processing: python eventCascadeBuilder_AN_patched.py  completed at Tue May 27 02:43:57 PDT 2025

CommandNotFoundError: Your shell has not been properly configured to use 'conda activate'.
To initialize your shell, run

    $ conda init <SHELL_NAME>

Currently supported shells are:
  - bash
  - fish
  - tcsh
  - xonsh
  - zsh
  - powershell

See 'conda init --help' for more information and options.

IMPORTANT: You may need to close and restart your shell after running 'conda init'.


🦑🦑🦑🦑🦑🦑🦑🦑🦑🦑🦑🦑🦑🦑🦑🦑🦑🦑🦑🦑🦑🦑🦑🦑

🚀 AN processing: Starting python preproc_AN.py  at Tue May 27 10:27:19 PDT 2025
✅ AN processing: python preproc_AN.py  completed at Tue May 27 10:27:36 PDT 2025
🚀 AN flat proc moving: Starting move_uncorrected.sh at Tue May 27 10:27:36 PDT 2025
run_overnight.sh: line 26: unexpected EOF while looking for matching ``'
run_overnight.sh: line 74: syntax error: unexpected end of file

CommandNotFoundError: Your shell has not been properly configured to use 'conda activate'.
To initialize your shell, run

    $ conda init <SHELL_NAME>

Currently supported shells are:
  - bash
  - fish
  - tcsh
  - xonsh
  - zsh
  - powershell

See 'conda init --help' for more information and options.

IMPORTANT: You may need to close and restart your shell after running 'conda init'.


🦑🦑🦑🦑🦑🦑🦑🦑🦑🦑🦑🦑🦑🦑🦑🦑🦑🦑🦑🦑🦑🦑🦑🦑

🚀 AN processing: Starting python preproc_AN.py  at Tue May 27 10:31:06 PDT 2025
✅ AN processing: python preproc_AN.py  completed at Tue May 27 10:31:23 PDT 2025
🚀 AN flat proc moving: Starting move_uncorrected.sh at Tue May 27 10:31:23 PDT 2025
run_overnight.sh: line 26: unexpected EOF while looking for matching ``'
run_overnight.sh: line 73: syntax error: unexpected end of file

CommandNotFoundError: Your shell has not been properly configured to use 'conda activate'.
To initialize your shell, run

    $ conda init <SHELL_NAME>

Currently supported shells are:
  - bash
  - fish
  - tcsh
  - xonsh
  - zsh
  - powershell

See 'conda init --help' for more information and options.

IMPORTANT: You may need to close and restart your shell after running 'conda init'.


🦑🦑🦑🦑🦑🦑🦑🦑🦑🦑🦑🦑🦑🦑🦑🦑🦑🦑🦑🦑🦑🦑🦑🦑

🚀 AN processing: Starting python preproc_AN.py  at Tue May 27 10:43:22 PDT 2025
✅ AN processing: python preproc_AN.py  completed at Tue May 27 10:43:22 PDT 2025
🚀 AN flat proc moving: Starting move_uncorrected.sh at Tue May 27 10:43:22 PDT 2025
run_overnight.sh: line 26: unexpected EOF while looking for matching ``'
run_overnight.sh: line 73: syntax error: unexpected end of file

CommandNotFoundError: Your shell has not been properly configured to use 'conda activate'.
To initialize your shell, run

    $ conda init <SHELL_NAME>

Currently supported shells are:
  - bash
  - fish
  - tcsh
  - xonsh
  - zsh
  - powershell

See 'conda init --help' for more information and options.

IMPORTANT: You may need to close and restart your shell after running 'conda init'.


🦑🦑🦑🦑🦑🦑🦑🦑🦑🦑🦑🦑🦑🦑🦑🦑🦑🦑🦑🦑🦑🦑🦑🦑

🚀 AN processing: Starting python preproc_AN.py  at Tue May 27 10:43:40 PDT 2025
✅ AN processing: python preproc_AN.py  completed at Tue May 27 10:51:02 PDT 2025
🚀 AN flat proc moving: Starting move_uncorrected.sh at Tue May 27 10:51:02 PDT 2025
run_overnight.sh: line 26: unexpected EOF while looking for matching ``'
run_overnight.sh: line 73: syntax error: unexpected end of file

CommandNotFoundError: Your shell has not been properly configured to use 'conda activate'.
To initialize your shell, run

    $ conda init <SHELL_NAME>

Currently supported shells are:
  - bash
  - fish
  - tcsh
  - xonsh
  - zsh
  - powershell

See 'conda init --help' for more information and options.

IMPORTANT: You may need to close and restart your shell after running 'conda init'.


run_overnight.sh: line 28: 
##### AN proc
echo "🦑🦑🦑🦑🦑🦑🦑🦑🦑🦑🦑🦑🦑🦑🦑🦑🦑🦑🦑🦑🦑🦑🦑🦑" | tee -a "$LOG_FILE"
echo "" | tee -a "$LOG_FILE"
echo "🚀 AN processing: Starting python preproc_AN.py  at $(date)" | tee -a "$LOG_FILE"

python /Users/mairahmac/Desktop/myra_code/Python/RewardCollectors_InputGenerate/preproc/baseline_pipeline/preproc_AN_augment_1.py  >> "$LOG_FILE" 2>&1

echo "✅ AN processing: python preproc_AN.py  completed at $(date)" | tee -a "$LOG_FILE"

# ##### AN Events 

echo "🚀 AN flat proc moving: Starting move_uncorrected.sh at $(date)" | tee -a "$LOG_FILE"

sh /Users/mairahmac/Desktop/myra_code/Python/RewardCollectors_InputGenerate/preproc/move_uncorrected.sh >> "$LOG_FILE" 2>&1

echo "✅ AN cascading: move_uncorrected.sh completed at $(date)" | tee -a "$LOG_FILE"`

: No such file or directory


🪼🪼🪼🪼🪼🪼🪼🪼🪼🪼🪼🪼🪼🪼🪼🪼🪼🪼🪼🪼🪼🪼🪼🪼

🚀 PO processing: Starting preproc_PO.py completed at Tue May 27 11:03:56 PDT 2025
✅ PO processing: preproc_PO.py completed at Tue May 27 11:10:49 PDT 2025


🦑🪼🦑🪼🦑🪼🦑🪼🦑🪼🦑🪼🦑🪼🦑🪼🦑🪼🦑🪼🦑🪼🦑🪼

🚀 AN & PO processing: Starting python peventCascadeBuilder_AN_patched.py  at Tue May 27 11:10:49 PDT 2025
✅ AN & PO processing: python eventCascadeBuilder_AN_patched.py  completed at Tue May 27 11:41:06 PDT 2025


🦑🪼🦑🪼🦑🪼🦑🪼🦑🪼🦑🪼🦑🪼🦑🪼🦑🪼🦑🪼🦑🪼🦑🪼

🚀 AN & PO processing: Starting python mergeEvents.py  at Tue May 27 11:41:07 PDT 2025
✅ AN & PO processing: python mergeEvents.py  completed at Tue May 27 11:41:10 PDT 2025

CommandNotFoundError: Your shell has not been properly configured to use 'conda activate'.
To initialize your shell, run

    $ conda init <SHELL_NAME>

Currently supported shells are:
  - bash
  - fish
  - tcsh
  - xonsh
  - zsh
  - powershell

See 'conda init --help' for more information and options.

IMPORTANT: You may need to close and restart your shell after running 'conda init'.


🦑🦑🦑🦑🦑🦑🦑🦑🦑🦑🦑🦑🦑🦑🦑🦑🦑🦑🦑🦑🦑🦑🦑🦑

🚀 AN processing: Starting python preproc_AN.py  at Tue May 27 22:10:13 PDT 2025
✅ AN processing: python preproc_AN.py  completed at Tue May 27 22:18:01 PDT 2025
🚀 AN flat proc moving: Starting move_uncorrected.sh at Tue May 27 22:18:01 PDT 2025
run_overnight.sh: line 26: unexpected EOF while looking for matching ``'
run_overnight.sh: line 73: syntax error: unexpected end of file

CommandNotFoundError: Your shell has not been properly configured to use 'conda activate'.
To initialize your shell, run

    $ conda init <SHELL_NAME>

Currently supported shells are:
  - bash
  - fish
  - tcsh
  - xonsh
  - zsh
  - powershell

See 'conda init --help' for more information and options.

IMPORTANT: You may need to close and restart your shell after running 'conda init'.


🦑🦑🦑🦑🦑🦑🦑🦑🦑🦑🦑🦑🦑🦑🦑🦑🦑🦑🦑🦑🦑🦑🦑🦑

🚀 AN processing: Starting python preproc_AN.py  at Wed May 28 00:08:29 PDT 2025
✅ AN processing: python preproc_AN.py  completed at Wed May 28 00:08:29 PDT 2025
🚀 AN flat proc moving: Starting move_uncorrected.sh at Wed May 28 00:08:29 PDT 2025
run_overnight.sh: line 27: unexpected EOF while looking for matching ``'
run_overnight.sh: line 74: syntax error: unexpected end of file

CommandNotFoundError: Your shell has not been properly configured to use 'conda activate'.
To initialize your shell, run

    $ conda init <SHELL_NAME>

Currently supported shells are:
  - bash
  - fish
  - tcsh
  - xonsh
  - zsh
  - powershell

See 'conda init --help' for more information and options.

IMPORTANT: You may need to close and restart your shell after running 'conda init'.


🦑🦑🦑🦑🦑🦑🦑🦑🦑🦑🦑🦑🦑🦑🦑🦑🦑🦑🦑🦑🦑🦑🦑🦑

🚀 AN processing: Starting python preproc_AN.py  at Wed May 28 00:09:20 PDT 2025
✅ AN processing: python preproc_AN.py  completed at Wed May 28 00:09:20 PDT 2025
🚀 AN flat proc moving: Starting move_uncorrected.sh at Wed May 28 00:09:20 PDT 2025
run_overnight.sh: line 32: unexpected EOF while looking for matching ``'
run_overnight.sh: line 79: syntax error: unexpected end of file

CommandNotFoundError: Your shell has not been properly configured to use 'conda activate'.
To initialize your shell, run

    $ conda init <SHELL_NAME>

Currently supported shells are:
  - bash
  - fish
  - tcsh
  - xonsh
  - zsh
  - powershell

See 'conda init --help' for more information and options.

IMPORTANT: You may need to close and restart your shell after running 'conda init'.




🪼🪼🪼🪼🪼🪼🪼🪼🪼🪼🪼🪼🪼🪼🪼🪼🪼🪼🪼🪼🪼🪼🪼🪼

🚀 PO processing: Starting preproc_PO.py completed at Wed May 28 00:10:53 PDT 2025
✅ PO processing: preproc_PO.py completed at Wed May 28 00:17:10 PDT 2025


🦑🪼🦑🪼🦑🪼🦑🪼🦑🪼🦑🪼🦑🪼🦑🪼🦑🪼🦑🪼🦑🪼🦑🪼

🚀 AN & PO processing: Starting python peventCascadeBuilder_AN_patched.py  at Wed May 28 00:17:10 PDT 2025
✅ AN & PO processing: python eventCascadeBuilder_AN_patched.py  completed at Wed May 28 00:47:23 PDT 2025


🦑🪼🦑🪼🦑🪼🦑🪼🦑🪼🦑🪼🦑🪼🦑🪼🦑🪼🦑🪼🦑🪼🦑🪼

🚀 AN & PO processing: Starting python mergeEvents.py  at Wed May 28 00:47:23 PDT 2025
✅ AN & PO processing: python mergeEvents.py  completed at Wed May 28 00:47:33 PDT 2025

CommandNotFoundError: Your shell has not been properly configured to use 'conda activate'.
To initialize your shell, run

    $ conda init <SHELL_NAME>

Currently supported shells are:
  - bash
  - fish
  - tcsh
  - xonsh
  - zsh
  - powershell

See 'conda init --help' for more information and options.

IMPORTANT: You may need to close and restart your shell after running 'conda init'.


🦑🦑🦑🦑🦑🦑🦑🦑🦑🦑🦑🦑🦑🦑🦑🦑🦑🦑🦑🦑🦑🦑🦑🦑

🚀 AN processing: Starting python preproc_AN.py  at Wed May 28 01:08:28 PDT 2025

CommandNotFoundError: Your shell has not been properly configured to use 'conda activate'.
To initialize your shell, run

    $ conda init <SHELL_NAME>

Currently supported shells are:
  - bash
  - fish
  - tcsh
  - xonsh
  - zsh
  - powershell

See 'conda init --help' for more information and options.

IMPORTANT: You may need to close and restart your shell after running 'conda init'.


🦑🦑🦑🦑🦑🦑🦑🦑🦑🦑🦑🦑🦑🦑🦑🦑🦑🦑🦑🦑🦑🦑🦑🦑

🚀 AN processing: Starting python preproc_AN.py  at Wed May 28 01:13:28 PDT 2025

CommandNotFoundError: Your shell has not been properly configured to use 'conda activate'.
To initialize your shell, run

    $ conda init <SHELL_NAME>

Currently supported shells are:
  - bash
  - fish
  - tcsh
  - xonsh
  - zsh
  - powershell

See 'conda init --help' for more information and options.

IMPORTANT: You may need to close and restart your shell after running 'conda init'.


🦑🦑🦑🦑🦑🦑🦑🦑🦑🦑🦑🦑🦑🦑🦑🦑🦑🦑🦑🦑🦑🦑🦑🦑

🚀 AN processing: Starting python preproc_AN.py  at Wed May 28 01:14:03 PDT 2025
✅ AN processing: python preproc_AN.py  completed at Wed May 28 01:21:40 PDT 2025
🚀 AN flat proc moving: Starting move_uncorrected.sh at Wed May 28 01:21:40 PDT 2025
run_overnight.sh: line 32: unexpected EOF while looking for matching ``'
run_overnight.sh: line 93: syntax error: unexpected end of file

CommandNotFoundError: Your shell has not been properly configured to use 'conda activate'.
To initialize your shell, run

    $ conda init <SHELL_NAME>

Currently supported shells are:
  - bash
  - fish
  - tcsh
  - xonsh
  - zsh
  - powershell

See 'conda init --help' for more information and options.

IMPORTANT: You may need to close and restart your shell after running 'conda init'.




🪼🪼🪼🪼🪼🪼🪼🪼🪼🪼🪼🪼🪼🪼🪼🪼🪼🪼🪼🪼🪼🪼🪼🪼

🚀 PO processing: Starting preproc_PO.py completed at Thu May 29 09:14:28 PDT 2025
✅ PO processing: preproc_PO.py completed at Thu May 29 09:20:27 PDT 2025


🦑🪼🦑🪼🦑🪼🦑🪼🦑🪼🦑🪼🦑🪼🦑🪼🦑🪼🦑🪼🦑🪼🦑🪼

🚀 AN & PO processing: Starting python peventCascadeBuilder_AN_patched.py  at Thu May 29 09:20:27 PDT 2025
✅ AN & PO processing: python eventCascadeBuilder_AN_patched.py  completed at Thu May 29 09:50:55 PDT 2025


🦑🪼🦑🪼🦑🪼🦑🪼🦑🪼🦑🪼🦑🪼🦑🪼🦑🪼🦑🪼🦑🪼🦑🪼

🚀 AN & PO processing: Starting python mergeEvents.py  at Thu May 29 09:50:55 PDT 2025
✅ AN & PO processing: python mergeEvents.py  completed at Thu May 29 09:51:01 PDT 2025


🦑🪼🦑🪼🦑🪼🦑🪼🦑🪼🦑🪼🦑🪼🦑🪼🦑🪼🦑🪼🦑🪼🦑🪼

🚀 AN & PO processing: Starting python pullEventData.py  at Thu May 29 09:51:01 PDT 2025
✅ AN & PO processing: python pullEventData.py  completed at Thu May 29 09:51:02 PDT 2025

CommandNotFoundError: Your shell has not been properly configured to use 'conda activate'.
To initialize your shell, run

    $ conda init <SHELL_NAME>

Currently supported shells are:
  - bash
  - fish
  - tcsh
  - xonsh
  - zsh
  - powershell

See 'conda init --help' for more information and options.

IMPORTANT: You may need to close and restart your shell after running 'conda init'.




🦑🪼🦑🪼🦑🪼🦑🪼🦑🪼🦑🪼🦑🪼🦑🪼🦑🪼🦑🪼🦑🪼🦑🪼

🚀 AN & PO processing: Starting python peventCascadeBuilder_AN_patched.py  at Wed Jun  4 00:37:34 PDT 2025
✅ AN & PO processing: python eventCascadeBuilder_AN_patched.py  completed at Wed Jun  4 01:13:16 PDT 2025


🦑🪼🦑🪼🦑🪼🦑🪼🦑🪼🦑🪼🦑🪼🦑🪼🦑🪼🦑🪼🦑🪼🦑🪼

🚀 AN & PO processing: Starting python mergeEvents.py  at Wed Jun  4 01:13:16 PDT 2025
✅ AN & PO processing: python mergeEvents.py  completed at Wed Jun  4 01:13:36 PDT 2025


🦑🪼🦑🪼🦑🪼🦑🪼🦑🪼🦑🪼🦑🪼🦑🪼🦑🪼🦑🪼🦑🪼🦑🪼

🚀 AN & PO processing: Starting python pullEventData.py  at Wed Jun  4 01:13:36 PDT 2025
/Users/mairahmac/Desktop/RC_TestingNotes/SelectedData
/Users/mairahmac/Desktop/RC_TestingNotes/SelectedData/MergedEvents_V1
Processing: 113_02_09_2025_Morning_D_ML2C
Warning: Source CSV not found: /Users/mairahmac/Desktop/RC_TestingNotes/SelectedData/ProcessedData_Flat/ObsReward_B_02_09_2025_12_53_processed.csv
Traceback (most recent call last):
  File "/Users/mairahmac/Desktop/myra_code/Python/RewardCollectors_InputGenerate/preproc/postCascadeAugment.py", line 373, in <module>
    augment_events_with_coin_proximity(
  File "/Users/mairahmac/Desktop/myra_code/Python/RewardCollectors_InputGenerate/preproc/postCascadeAugment.py", line 258, in augment_events_with_coin_proximity
    last_position = get_last_position(original_row_start, df)
  File "/Users/mairahmac/Desktop/myra_code/Python/RewardCollectors_InputGenerate/preproc/postCascadeAugment.py", line 109, in get_last_position
    row = df.iloc[last_row_idx]
  File "/Users/mairahmac/opt/anaconda3/envs/RewardCollectors/lib/python3.10/site-packages/pandas/core/indexing.py", line 1191, in __getitem__
    return self._getitem_axis(maybe_callable, axis=axis)
  File "/Users/mairahmac/opt/anaconda3/envs/RewardCollectors/lib/python3.10/site-packages/pandas/core/indexing.py", line 1752, in _getitem_axis
    self._validate_integer(key, axis)
  File "/Users/mairahmac/opt/anaconda3/envs/RewardCollectors/lib/python3.10/site-packages/pandas/core/indexing.py", line 1685, in _validate_integer
    raise IndexError("single positional indexer is out-of-bounds")
IndexError: single positional indexer is out-of-bounds
✅ AN & PO processing: python pullEventData.py  completed at Wed Jun  4 01:13:37 PDT 2025

CommandNotFoundError: Your shell has not been properly configured to use 'conda activate'.
To initialize your shell, run

    $ conda init <SHELL_NAME>

Currently supported shells are:
  - bash
  - fish
  - tcsh
  - xonsh
  - zsh
  - powershell

See 'conda init --help' for more information and options.

IMPORTANT: You may need to close and restart your shell after running 'conda init'.




🦑🪼🦑🪼🦑🪼🦑🪼🦑🪼🦑🪼🦑🪼🦑🪼🦑🪼🦑🪼🦑🪼🦑🪼

🚀 AN & PO processing: Starting python peventCascadeBuilder_AN_patched.py  at Wed Jun  4 01:38:40 PDT 2025

CommandNotFoundError: Your shell has not been properly configured to use 'conda activate'.
To initialize your shell, run

    $ conda init <SHELL_NAME>

Currently supported shells are:
  - bash
  - fish
  - tcsh
  - xonsh
  - zsh
  - powershell

See 'conda init --help' for more information and options.

IMPORTANT: You may need to close and restart your shell after running 'conda init'.




🦑🪼🦑🪼🦑🪼🦑🪼🦑🪼🦑🪼🦑🪼🦑🪼🦑🪼🦑🪼🦑🪼🦑🪼

🚀 AN & PO processing: Starting python peventCascadeBuilder_AN_patched.py  at Wed Jun  4 01:41:12 PDT 2025

CommandNotFoundError: Your shell has not been properly configured to use 'conda activate'.
To initialize your shell, run

    $ conda init <SHELL_NAME>

Currently supported shells are:
  - bash
  - fish
  - tcsh
  - xonsh
  - zsh
  - powershell

See 'conda init --help' for more information and options.

IMPORTANT: You may need to close and restart your shell after running 'conda init'.




🦑🪼🦑🪼🦑🪼🦑🪼🦑🪼🦑🪼🦑🪼🦑🪼🦑🪼🦑🪼🦑🪼🦑🪼

🚀 AN & PO processing: Starting python peventCascadeBuilder_AN_patched.py  at Wed Jun  4 01:46:50 PDT 2025

CommandNotFoundError: Your shell has not been properly configured to use 'conda activate'.
To initialize your shell, run

    $ conda init <SHELL_NAME>

Currently supported shells are:
  - bash
  - fish
  - tcsh
  - xonsh
  - zsh
  - powershell

See 'conda init --help' for more information and options.

IMPORTANT: You may need to close and restart your shell after running 'conda init'.




🦑🪼🦑🪼🦑🪼🦑🪼🦑🪼🦑🪼🦑🪼🦑🪼🦑🪼🦑🪼🦑🪼🦑🪼

🚀 AN & PO processing: Starting python peventCascadeBuilder_AN_patched.py  at Wed Jun  4 01:50:40 PDT 2025

CommandNotFoundError: Your shell has not been properly configured to use 'conda activate'.
To initialize your shell, run

    $ conda init <SHELL_NAME>

Currently supported shells are:
  - bash
  - fish
  - tcsh
  - xonsh
  - zsh
  - powershell

See 'conda init --help' for more information and options.

IMPORTANT: You may need to close and restart your shell after running 'conda init'.




🦑🪼🦑🪼🦑🪼🦑🪼🦑🪼🦑🪼🦑🪼🦑🪼🦑🪼🦑🪼🦑🪼🦑🪼

🚀 AN & PO processing: Starting python peventCascadeBuilder_AN_patched.py  at Wed Jun  4 01:51:19 PDT 2025

CommandNotFoundError: Your shell has not been properly configured to use 'conda activate'.
To initialize your shell, run

    $ conda init <SHELL_NAME>

Currently supported shells are:
  - bash
  - fish
  - tcsh
  - xonsh
  - zsh
  - powershell

See 'conda init --help' for more information and options.

IMPORTANT: You may need to close and restart your shell after running 'conda init'.




🦑🪼🦑🪼🦑🪼🦑🪼🦑🪼🦑🪼🦑🪼🦑🪼🦑🪼🦑🪼🦑🪼🦑🪼

🚀 AN & PO processing: Starting python peventCascadeBuilder_AN_patched.py  at Wed Jun  4 01:53:48 PDT 2025

CommandNotFoundError: Your shell has not been properly configured to use 'conda activate'.
To initialize your shell, run

    $ conda init <SHELL_NAME>

Currently supported shells are:
  - bash
  - fish
  - tcsh
  - xonsh
  - zsh
  - powershell

See 'conda init --help' for more information and options.

IMPORTANT: You may need to close and restart your shell after running 'conda init'.




🦑🪼🦑🪼🦑🪼🦑🪼🦑🪼🦑🪼🦑🪼🦑🪼🦑🪼🦑🪼🦑🪼🦑🪼

🚀 AN & PO processing: Starting python peventCascadeBuilder_AN_patched.py  at Wed Jun  4 02:00:40 PDT 2025
✅ AN & PO processing: python eventCascadeBuilder_AN_patched.py  completed at Wed Jun  4 02:34:01 PDT 2025


🦑🪼🦑🪼🦑🪼🦑🪼🦑🪼🦑🪼🦑🪼🦑🪼🦑🪼🦑🪼🦑🪼🦑🪼

🚀 AN & PO processing: Starting python mergeEvents.py  at Wed Jun  4 02:34:01 PDT 2025
✅ AN & PO processing: python mergeEvents.py  completed at Wed Jun  4 02:34:17 PDT 2025


🦑🪼🦑🪼🦑🪼🦑🪼🦑🪼🦑🪼🦑🪼🦑🪼🦑🪼🦑🪼🦑🪼🦑🪼

🚀 AN & PO processing: Starting python pullEventData.py  at Wed Jun  4 02:34:17 PDT 2025
/Users/mairahmac/Desktop/RC_TestingNotes/SelectedData
/Users/mairahmac/Desktop/RC_TestingNotes/SelectedData/MergedEvents_V1
Processing: 113_02_09_2025_Morning_D_ML2C
Warning: Source CSV not found: /Users/mairahmac/Desktop/RC_TestingNotes/SelectedData/ProcessedData_Flat/ObsReward_B_02_09_2025_12_53_processed.csv
Traceback (most recent call last):
  File "/Users/mairahmac/Desktop/myra_code/Python/RewardCollectors_InputGenerate/preproc/postCascadeAugment.py", line 373, in <module>
    augment_events_with_coin_proximity(
  File "/Users/mairahmac/Desktop/myra_code/Python/RewardCollectors_InputGenerate/preproc/postCascadeAugment.py", line 258, in augment_events_with_coin_proximity
    last_position = get_last_position(original_row_start, df)
  File "/Users/mairahmac/Desktop/myra_code/Python/RewardCollectors_InputGenerate/preproc/postCascadeAugment.py", line 109, in get_last_position
    row = df.iloc[last_row_idx]
  File "/Users/mairahmac/opt/anaconda3/envs/RewardCollectors/lib/python3.10/site-packages/pandas/core/indexing.py", line 1191, in __getitem__
    return self._getitem_axis(maybe_callable, axis=axis)
  File "/Users/mairahmac/opt/anaconda3/envs/RewardCollectors/lib/python3.10/site-packages/pandas/core/indexing.py", line 1752, in _getitem_axis
    self._validate_integer(key, axis)
  File "/Users/mairahmac/opt/anaconda3/envs/RewardCollectors/lib/python3.10/site-packages/pandas/core/indexing.py", line 1685, in _validate_integer
    raise IndexError("single positional indexer is out-of-bounds")
IndexError: single positional indexer is out-of-bounds
✅ AN & PO processing: python pullEventData.py  completed at Wed Jun  4 02:34:18 PDT 2025

CommandNotFoundError: Your shell has not been properly configured to use 'conda activate'.
To initialize your shell, run

    $ conda init <SHELL_NAME>

Currently supported shells are:
  - bash
  - fish
  - tcsh
  - xonsh
  - zsh
  - powershell

See 'conda init --help' for more information and options.

IMPORTANT: You may need to close and restart your shell after running 'conda init'.


🦑🦑🦑🦑🦑🦑🦑🦑🦑🦑🦑🦑🦑🦑🦑🦑🦑🦑🦑🦑🦑🦑🦑🦑

🚀 AN processing: Starting python preproc_AN.py  at Wed Jun  4 13:08:30 PDT 2025
✅ AN processing: python preproc_AN.py  completed at Wed Jun  4 13:51:15 PDT 2025


🪼🪼🪼🪼🪼🪼🪼🪼🪼🪼🪼🪼🪼🪼🪼🪼🪼🪼🪼🪼🪼🪼🪼🪼

🚀 PO processing: Starting preproc_PO.py completed at Wed Jun  4 13:51:15 PDT 2025
✅ PO processing: preproc_PO.py completed at Wed Jun  4 14:29:02 PDT 2025


🦑🪼🦑🪼🦑🪼🦑🪼🦑🪼🦑🪼🦑🪼🦑🪼🦑🪼🦑🪼🦑🪼🦑🪼

🚀 AN & PO processing: Starting python peventCascadeBuilder_AN_patched.py  at Wed Jun  4 14:29:03 PDT 2025
✅ AN & PO processing: python eventCascadeBuilder_AN_patched.py  completed at Wed Jun  4 16:01:28 PDT 2025


🦑🪼🦑🪼🦑🪼🦑🪼🦑🪼🦑🪼🦑🪼🦑🪼🦑🪼🦑🪼🦑🪼🦑🪼

🚀 AN & PO processing: Starting python mergeEvents.py  at Wed Jun  4 16:01:28 PDT 2025
✅ AN & PO processing: python mergeEvents.py  completed at Wed Jun  4 16:01:46 PDT 2025


🦑🪼🦑🪼🦑🪼🦑🪼🦑🪼🦑🪼🦑🪼🦑🪼🦑🪼🦑🪼🦑🪼🦑🪼

🚀 AN & PO processing: Starting python postCascadeAugment.py  at Wed Jun  4 16:01:46 PDT 2025
/Users/mairahmac/Desktop/myra_code/Python/RewardCollectors_InputGenerate/preproc/postCascadeAugment.py:282: DtypeWarning: Columns (7) have mixed types. Specify dtype option on import or set low_memory=False.
  csv_cache[source_file] = pd.read_csv(csv_path)
/Users/mairahmac/Desktop/myra_code/Python/RewardCollectors_InputGenerate/preproc/postCascadeAugment.py:282: DtypeWarning: Columns (9) have mixed types. Specify dtype option on import or set low_memory=False.
  csv_cache[source_file] = pd.read_csv(csv_path)
/Users/mairahmac/Desktop/myra_code/Python/RewardCollectors_InputGenerate/preproc/postCascadeAugment.py:282: DtypeWarning: Columns (9) have mixed types. Specify dtype option on import or set low_memory=False.
  csv_cache[source_file] = pd.read_csv(csv_path)

CommandNotFoundError: Your shell has not been properly configured to use 'conda activate'.
To initialize your shell, run

    $ conda init <SHELL_NAME>

Currently supported shells are:
  - bash
  - fish
  - tcsh
  - xonsh
  - zsh
  - powershell

See 'conda init --help' for more information and options.

IMPORTANT: You may need to close and restart your shell after running 'conda init'.


🦑🦑🦑🦑🦑🦑🦑🦑🦑🦑🦑🦑🦑🦑🦑🦑🦑🦑🦑🦑🦑🦑🦑🦑

🚀 AN processing: Starting python preproc_AN.py  at Fri Jun  6 15:19:41 PDT 2025
✅ AN processing: python preproc_AN.py  completed at Fri Jun  6 15:20:28 PDT 2025


🪼🪼🪼🪼🪼🪼🪼🪼🪼🪼🪼🪼🪼🪼🪼🪼🪼🪼🪼🪼🪼🪼🪼🪼

🚀 PO processing: Starting preproc_PO.py completed at Fri Jun  6 15:20:28 PDT 2025
✅ PO processing: preproc_PO.py completed at Fri Jun  6 15:21:18 PDT 2025

CommandNotFoundError: Your shell has not been properly configured to use 'conda activate'.
To initialize your shell, run

    $ conda init <SHELL_NAME>

Currently supported shells are:
  - bash
  - fish
  - tcsh
  - xonsh
  - zsh
  - powershell

See 'conda init --help' for more information and options.

IMPORTANT: You may need to close and restart your shell after running 'conda init'.


🦑🦑🦑🦑🦑🦑🦑🦑🦑🦑🦑🦑🦑🦑🦑🦑🦑🦑🦑🦑🦑🦑🦑🦑

🚀 AN processing: Starting python preproc_AN.py  at Fri Jun  6 15:29:04 PDT 2025
✅ AN processing: python preproc_AN.py  completed at Fri Jun  6 15:29:55 PDT 2025


🪼🪼🪼🪼🪼🪼🪼🪼🪼🪼🪼🪼🪼🪼🪼🪼🪼🪼🪼🪼🪼🪼🪼🪼

🚀 PO processing: Starting preproc_PO.py completed at Fri Jun  6 15:29:55 PDT 2025
✅ PO processing: preproc_PO.py completed at Fri Jun  6 15:30:51 PDT 2025

CommandNotFoundError: Your shell has not been properly configured to use 'conda activate'.
To initialize your shell, run

    $ conda init <SHELL_NAME>

Currently supported shells are:
  - bash
  - fish
  - tcsh
  - xonsh
  - zsh
  - powershell

See 'conda init --help' for more information and options.

IMPORTANT: You may need to close and restart your shell after running 'conda init'.


🦑🦑🦑🦑🦑🦑🦑🦑🦑🦑🦑🦑🦑🦑🦑🦑🦑🦑🦑🦑🦑🦑🦑🦑

🚀 AN processing: Starting python preproc_AN.py  at Fri Jun  6 15:35:36 PDT 2025
✅ AN processing: python preproc_AN.py  completed at Fri Jun  6 16:19:09 PDT 2025


🪼🪼🪼🪼🪼🪼🪼🪼🪼🪼🪼🪼🪼🪼🪼🪼🪼🪼🪼🪼🪼🪼🪼🪼

🚀 PO processing: Starting preproc_PO.py completed at Fri Jun  6 16:19:09 PDT 2025
✅ PO processing: preproc_PO.py completed at Fri Jun  6 16:56:06 PDT 2025

CommandNotFoundError: Your shell has not been properly configured to use 'conda activate'.
To initialize your shell, run

    $ conda init <SHELL_NAME>

Currently supported shells are:
  - bash
  - fish
  - tcsh
  - xonsh
  - zsh
  - powershell

See 'conda init --help' for more information and options.

IMPORTANT: You may need to close and restart your shell after running 'conda init'.




🦑🪼🦑🪼🦑🪼🦑🪼🦑🪼🦑🪼🦑🪼🦑🪼🦑🪼🦑🪼🦑🪼🦑🪼

🚀 AN & PO processing: Starting python unifiedEventSeg.py for Bare Bones processing at Sat Jun  7 18:05:27 PDT 2025

CommandNotFoundError: Your shell has not been properly configured to use 'conda activate'.
To initialize your shell, run

    $ conda init <SHELL_NAME>

Currently supported shells are:
  - bash
  - fish
  - tcsh
  - xonsh
  - zsh
  - powershell

See 'conda init --help' for more information and options.

IMPORTANT: You may need to close and restart your shell after running 'conda init'.




🦑🪼🦑🪼🦑🪼🦑🪼🦑🪼🦑🪼🦑🪼🦑🪼🦑🪼🦑🪼🦑🪼🦑🪼

🚀 AN & PO processing: Starting python unifiedEventSeg.py for Bare Bones processing at Sat Jun  7 18:05:40 PDT 2025
