✨✨✨✨✨✨✨✨✨✨✨✨✨✨✨✨✨✨✨✨✨✨✨✨✨
🚀 Starting prelimConditLogit_onlyBx.py Only Coin Set Bx Subjects Lambda 1 at Sun Mar  8 14:36:39 PDT 2026
*************************
*************************

Data in All Participants for CoinSet Bx

*************************
*************************




*************************


M0: alt only
ChosenPath ~ PathType
                  Conditional Logit Model Regression Results                  
==============================================================================
Dep. Variable:                 chosen   No. Observations:                  720
Model:               ConditionalLogit   No. groups:                        120
Log-Likelihood:               -99.097   Min group size:                      6
Method:                          BFGS   Max group size:                      6
Date:                Sun, 08 Mar 2026   Mean group size:                   6.0
Time:                        14:36:40                                         
==============================================================================
                 coef    std err          z      P>|z|      [0.025      0.975]
------------------------------------------------------------------------------
alt_2         -3.8174      0.715     -5.341      0.000      -5.218      -2.417
alt_3        -13.5436     91.502     -0.148      0.882    -192.884     165.797
alt_4         -3.1239      0.511     -6.117      0.000      -4.125      -2.123
alt_5         -1.7384      0.271     -6.412      0.000      -2.270      -1.207
alt_6         -2.5655      0.392     -6.539      0.000      -3.334      -1.797
==============================================================================

M0 params
alt_2    -3.817408
alt_3   -13.543596
alt_4    -3.123886
alt_5    -1.738388
alt_6    -2.565499
dtype: float64

*************************








*************************


M1: value only
ChosenPath ~ PathValue
                  Conditional Logit Model Regression Results                  
==============================================================================
Dep. Variable:                 chosen   No. Observations:                  720
Model:               ConditionalLogit   No. groups:                        120
Log-Likelihood:               -182.08   Min group size:                      6
Method:                          BFGS   Max group size:                      6
Date:                Sun, 08 Mar 2026   Mean group size:                   6.0
Time:                        14:36:40                                         
==============================================================================
                 coef    std err          z      P>|z|      [0.025      0.975]
------------------------------------------------------------------------------
points         0.2039      0.028      7.217      0.000       0.148       0.259
==============================================================================

M1 params
points    0.203858
dtype: float64

*************************








*************************


M2: distance only
ChosenPath ~  Distance
                  Conditional Logit Model Regression Results                  
==============================================================================
Dep. Variable:                 chosen   No. Observations:                  720
Model:               ConditionalLogit   No. groups:                        120
Log-Likelihood:               -184.97   Min group size:                      6
Method:                          BFGS   Max group size:                      6
Date:                Sun, 08 Mar 2026   Mean group size:                   6.0
Time:                        14:36:40                                         
=================================================================================
                    coef    std err          z      P>|z|      [0.025      0.975]
---------------------------------------------------------------------------------
idealDistance    -0.4226      0.059     -7.197      0.000      -0.538      -0.307
=================================================================================

M2 params
idealDistance   -0.422554
dtype: float64

*************************








*************************


M3: value + distance
ChosenPath ~ PathValue * Distance
                  Conditional Logit Model Regression Results                  
==============================================================================
Dep. Variable:                 chosen   No. Observations:                  720
Model:               ConditionalLogit   No. groups:                        120
Log-Likelihood:               -147.46   Min group size:                      6
Method:                          BFGS   Max group size:                      6
Date:                Sun, 08 Mar 2026   Mean group size:                   6.0
Time:                        14:36:40                                         
=================================================================================
                    coef    std err          z      P>|z|      [0.025      0.975]
---------------------------------------------------------------------------------
points            0.2320      0.031      7.513      0.000       0.172       0.293
idealDistance    -0.5337      0.074     -7.237      0.000      -0.678      -0.389
=================================================================================

M3 params
points           0.232033
idealDistance   -0.533747
dtype: float64

*************************








*************************


M4: utility only
ChosenPath ~ Utility (lambda = 1)
                  Conditional Logit Model Regression Results                  
==============================================================================
Dep. Variable:                 chosen   No. Observations:                  720
Model:               ConditionalLogit   No. groups:                        120
Log-Likelihood:               -157.42   Min group size:                      6
Method:                          BFGS   Max group size:                      6
Date:                Sun, 08 Mar 2026   Mean group size:                   6.0
Time:                        14:36:40                                         
==============================================================================
                 coef    std err          z      P>|z|      [0.025      0.975]
------------------------------------------------------------------------------
utility        0.2627      0.030      8.829      0.000       0.204       0.321
==============================================================================

M4 params
utility    0.262747
dtype: float64

*************************








*************************


Model Comparisions
            model  nobs  k      logLik        AIC        BIC
           M0_alt   720  5  -99.096653 208.193306 231.089563
M3_value_distance   720  2 -147.455935 298.911870 308.070372
       M4_utility   720  1 -157.424902 316.849805 321.429056
        M1_points   720  1 -182.081000 366.162000 370.741251
      M2_distance   720  1 -184.969990 371.939980 376.519231

*************************




✅ prelimConditLogit_onlyBx.py Only Coin Set Bx Subjects Lambda 1 completed at Sun Mar  8 14:36:40 PDT 2026
